{"/mnt/d/devs/repo/vuejs/account-vue/src/App.vue": {"path":"/mnt/d/devs/repo/vuejs/account-vue/src/App.vue","statementMap":{"0":{"start":{"line":1,"column":1},"end":{"line":18,"column":4}},"1":{"start":{"line":4,"column":0},"end":{"line":6,"column":3}},"2":{"start":{"line":15,"column":0},"end":{"line":17,"column":2}},"3":{"start":{"line":19,"column":0},"end":{"line":19,"column":70}},"4":{"start":{"line":19,"column":31},"end":{"line":19,"column":70}},"5":{"start":{"line":20,"column":24},"end":{"line":20,"column":100}},"6":{"start":{"line":21,"column":0},"end":{"line":21,"column":169}},"7":{"start":{"line":21,"column":54},"end":{"line":21,"column":58}},"8":{"start":{"line":21,"column":66},"end":{"line":21,"column":84}},"9":{"start":{"line":21,"column":92},"end":{"line":21,"column":108}},"10":{"start":{"line":21,"column":109},"end":{"line":21,"column":168}},"11":{"start":{"line":22,"column":0},"end":{"line":22,"column":37}}},"fnMap":{"0":{"name":"(anonymous_0)","decl":{"start":{"line":1,"column":2},"end":{"line":1,"column":3}},"loc":{"start":{"line":1,"column":12},"end":{"line":18,"column":1}},"line":1},"1":{"name":"render","decl":{"start":{"line":21,"column":35},"end":{"line":21,"column":41}},"loc":{"start":{"line":21,"column":45},"end":{"line":21,"column":169}},"line":21}},"branchMap":{"0":{"loc":{"start":{"line":19,"column":0},"end":{"line":19,"column":70}},"type":"if","locations":[{"start":{"line":19,"column":0},"end":{"line":19,"column":70}},{"start":{"line":19,"column":0},"end":{"line":19,"column":70}}],"line":19},"1":{"loc":{"start":{"line":20,"column":24},"end":{"line":20,"column":100}},"type":"cond-expr","locations":[{"start":{"line":20,"column":62},"end":{"line":20,"column":84}},{"start":{"line":20,"column":86},"end":{"line":20,"column":100}}],"line":20},"2":{"loc":{"start":{"line":21,"column":92},"end":{"line":21,"column":108}},"type":"binary-expr","locations":[{"start":{"line":21,"column":92},"end":{"line":21,"column":104}},{"start":{"line":21,"column":106},"end":{"line":21,"column":108}}],"line":21}},"s":{"0":0,"1":0,"2":0,"3":0,"4":0,"5":0,"6":0,"7":0,"8":0,"9":0,"10":0,"11":0},"f":{"0":0,"1":0},"b":{"0":[0,0],"1":[0,0],"2":[0,0]}}
,"/mnt/d/devs/repo/vuejs/account-vue/src/components/Login.vue": {"path":"/mnt/d/devs/repo/vuejs/account-vue/src/components/Login.vue","statementMap":{"0":{"start":{"line":1,"column":1},"end":{"line":70,"column":4}},"1":{"start":{"line":4,"column":0},"end":{"line":6,"column":3}},"2":{"start":{"line":8,"column":13},"end":{"line":8,"column":29}},"3":{"start":{"line":10,"column":14},"end":{"line":10,"column":44}},"4":{"start":{"line":12,"column":39},"end":{"line":12,"column":93}},"5":{"start":{"line":14,"column":9},"end":{"line":14,"column":22}},"6":{"start":{"line":36,"column":13},"end":{"line":36,"column":36}},"7":{"start":{"line":37,"column":0},"end":{"line":69,"column":2}},"8":{"start":{"line":40,"column":4},"end":{"line":44,"column":6}},"9":{"start":{"line":49,"column":6},"end":{"line":49,"column":29}},"10":{"start":{"line":50,"column":15},"end":{"line":50,"column":19}},"11":{"start":{"line":51,"column":6},"end":{"line":51,"column":26}},"12":{"start":{"line":53,"column":6},"end":{"line":66,"column":9}},"13":{"start":{"line":57,"column":8},"end":{"line":57,"column":25}},"14":{"start":{"line":58,"column":8},"end":{"line":58,"column":30}},"15":{"start":{"line":59,"column":8},"end":{"line":61,"column":11}},"16":{"start":{"line":62,"column":8},"end":{"line":62,"column":36}},"17":{"start":{"line":64,"column":8},"end":{"line":64,"column":24}},"18":{"start":{"line":71,"column":0},"end":{"line":71,"column":70}},"19":{"start":{"line":71,"column":31},"end":{"line":71,"column":70}},"20":{"start":{"line":72,"column":24},"end":{"line":72,"column":100}},"21":{"start":{"line":73,"column":0},"end":{"line":73,"column":1406}},"22":{"start":{"line":73,"column":54},"end":{"line":73,"column":58}},"23":{"start":{"line":73,"column":66},"end":{"line":73,"column":84}},"24":{"start":{"line":73,"column":92},"end":{"line":73,"column":108}},"25":{"start":{"line":73,"column":109},"end":{"line":73,"column":1405}},"26":{"start":{"line":73,"column":615},"end":{"line":73,"column":653}},"27":{"start":{"line":73,"column":644},"end":{"line":73,"column":651}},"28":{"start":{"line":73,"column":653},"end":{"line":73,"column":685}},"29":{"start":{"line":73,"column":1012},"end":{"line":73,"column":1050}},"30":{"start":{"line":73,"column":1041},"end":{"line":73,"column":1048}},"31":{"start":{"line":73,"column":1050},"end":{"line":73,"column":1082}},"32":{"start":{"line":73,"column":1279},"end":{"line":73,"column":1296}},"33":{"start":{"line":74,"column":0},"end":{"line":74,"column":37}}},"fnMap":{"0":{"name":"(anonymous_0)","decl":{"start":{"line":1,"column":2},"end":{"line":1,"column":3}},"loc":{"start":{"line":1,"column":12},"end":{"line":70,"column":1}},"line":1},"1":{"name":"_interopRequireDefault","decl":{"start":{"line":12,"column":9},"end":{"line":12,"column":31}},"loc":{"start":{"line":12,"column":37},"end":{"line":12,"column":95}},"line":12},"2":{"name":"data","decl":{"start":{"line":39,"column":17},"end":{"line":39,"column":21}},"loc":{"start":{"line":39,"column":24},"end":{"line":45,"column":3}},"line":39},"3":{"name":"login","decl":{"start":{"line":48,"column":20},"end":{"line":48,"column":25}},"loc":{"start":{"line":48,"column":33},"end":{"line":67,"column":5}},"line":48},"4":{"name":"(anonymous_4)","decl":{"start":{"line":56,"column":15},"end":{"line":56,"column":16}},"loc":{"start":{"line":56,"column":30},"end":{"line":63,"column":7}},"line":56},"5":{"name":"(anonymous_5)","decl":{"start":{"line":63,"column":15},"end":{"line":63,"column":16}},"loc":{"start":{"line":63,"column":28},"end":{"line":66,"column":7}},"line":63},"6":{"name":"render","decl":{"start":{"line":73,"column":35},"end":{"line":73,"column":41}},"loc":{"start":{"line":73,"column":45},"end":{"line":73,"column":1406}},"line":73},"7":{"name":"(anonymous_7)","decl":{"start":{"line":73,"column":598},"end":{"line":73,"column":599}},"loc":{"start":{"line":73,"column":614},"end":{"line":73,"column":686}},"line":73},"8":{"name":"(anonymous_8)","decl":{"start":{"line":73,"column":995},"end":{"line":73,"column":996}},"loc":{"start":{"line":73,"column":1011},"end":{"line":73,"column":1083}},"line":73},"9":{"name":"(anonymous_9)","decl":{"start":{"line":73,"column":1262},"end":{"line":73,"column":1263}},"loc":{"start":{"line":73,"column":1278},"end":{"line":73,"column":1297}},"line":73}},"branchMap":{"0":{"loc":{"start":{"line":12,"column":46},"end":{"line":12,"column":92}},"type":"cond-expr","locations":[{"start":{"line":12,"column":70},"end":{"line":12,"column":73}},{"start":{"line":12,"column":76},"end":{"line":12,"column":92}}],"line":12},"1":{"loc":{"start":{"line":12,"column":46},"end":{"line":12,"column":67}},"type":"binary-expr","locations":[{"start":{"line":12,"column":46},"end":{"line":12,"column":49}},{"start":{"line":12,"column":53},"end":{"line":12,"column":67}}],"line":12},"2":{"loc":{"start":{"line":71,"column":0},"end":{"line":71,"column":70}},"type":"if","locations":[{"start":{"line":71,"column":0},"end":{"line":71,"column":70}},{"start":{"line":71,"column":0},"end":{"line":71,"column":70}}],"line":71},"3":{"loc":{"start":{"line":72,"column":24},"end":{"line":72,"column":100}},"type":"cond-expr","locations":[{"start":{"line":72,"column":62},"end":{"line":72,"column":84}},{"start":{"line":72,"column":86},"end":{"line":72,"column":100}}],"line":72},"4":{"loc":{"start":{"line":73,"column":92},"end":{"line":73,"column":108}},"type":"binary-expr","locations":[{"start":{"line":73,"column":92},"end":{"line":73,"column":104}},{"start":{"line":73,"column":106},"end":{"line":73,"column":108}}],"line":73},"5":{"loc":{"start":{"line":73,"column":615},"end":{"line":73,"column":653}},"type":"if","locations":[{"start":{"line":73,"column":615},"end":{"line":73,"column":653}},{"start":{"line":73,"column":615},"end":{"line":73,"column":653}}],"line":73},"6":{"loc":{"start":{"line":73,"column":1012},"end":{"line":73,"column":1050}},"type":"if","locations":[{"start":{"line":73,"column":1012},"end":{"line":73,"column":1050}},{"start":{"line":73,"column":1012},"end":{"line":73,"column":1050}}],"line":73},"7":{"loc":{"start":{"line":73,"column":1319},"end":{"line":73,"column":1403}},"type":"cond-expr","locations":[{"start":{"line":73,"column":1331},"end":{"line":73,"column":1394}},{"start":{"line":73,"column":1395},"end":{"line":73,"column":1403}}],"line":73}},"s":{"0":0,"1":0,"2":0,"3":0,"4":0,"5":0,"6":0,"7":0,"8":0,"9":0,"10":0,"11":0,"12":0,"13":0,"14":0,"15":0,"16":0,"17":0,"18":0,"19":0,"20":0,"21":0,"22":0,"23":0,"24":0,"25":0,"26":0,"27":0,"28":0,"29":0,"30":0,"31":0,"32":0,"33":0},"f":{"0":0,"1":0,"2":0,"3":0,"4":0,"5":0,"6":0,"7":0,"8":0,"9":0},"b":{"0":[0,0],"1":[0,0],"2":[0,0],"3":[0,0],"4":[0,0],"5":[0,0],"6":[0,0],"7":[0,0]}}
,"/mnt/d/devs/repo/vuejs/account-vue/src/components/Profile.vue": {"path":"/mnt/d/devs/repo/vuejs/account-vue/src/components/Profile.vue","statementMap":{"0":{"start":{"line":1,"column":1},"end":{"line":126,"column":4}},"1":{"start":{"line":4,"column":0},"end":{"line":6,"column":3}},"2":{"start":{"line":8,"column":13},"end":{"line":8,"column":29}},"3":{"start":{"line":10,"column":14},"end":{"line":10,"column":44}},"4":{"start":{"line":12,"column":39},"end":{"line":12,"column":93}},"5":{"start":{"line":14,"column":9},"end":{"line":14,"column":22}},"6":{"start":{"line":51,"column":13},"end":{"line":51,"column":36}},"7":{"start":{"line":52,"column":0},"end":{"line":125,"column":2}},"8":{"start":{"line":55,"column":4},"end":{"line":63,"column":6}},"9":{"start":{"line":66,"column":13},"end":{"line":66,"column":17}},"10":{"start":{"line":67,"column":16},"end":{"line":67,"column":18}},"11":{"start":{"line":68,"column":4},"end":{"line":68,"column":24}},"12":{"start":{"line":69,"column":4},"end":{"line":89,"column":5}},"13":{"start":{"line":70,"column":6},"end":{"line":70,"column":26}},"14":{"start":{"line":71,"column":6},"end":{"line":71,"column":23}},"15":{"start":{"line":72,"column":6},"end":{"line":72,"column":25}},"16":{"start":{"line":73,"column":6},"end":{"line":73,"column":44}},"17":{"start":{"line":75,"column":6},"end":{"line":75,"column":82}},"18":{"start":{"line":76,"column":6},"end":{"line":86,"column":9}},"19":{"start":{"line":77,"column":8},"end":{"line":77,"column":25}},"20":{"start":{"line":78,"column":8},"end":{"line":78,"column":36}},"21":{"start":{"line":79,"column":8},"end":{"line":79,"column":63}},"22":{"start":{"line":80,"column":8},"end":{"line":80,"column":61}},"23":{"start":{"line":81,"column":8},"end":{"line":81,"column":53}},"24":{"start":{"line":82,"column":8},"end":{"line":82,"column":30}},"25":{"start":{"line":84,"column":8},"end":{"line":84,"column":24}},"26":{"start":{"line":88,"column":6},"end":{"line":88,"column":27}},"27":{"start":{"line":94,"column":6},"end":{"line":94,"column":29}},"28":{"start":{"line":95,"column":15},"end":{"line":95,"column":19}},"29":{"start":{"line":96,"column":6},"end":{"line":99,"column":7}},"30":{"start":{"line":97,"column":8},"end":{"line":97,"column":35}},"31":{"start":{"line":98,"column":8},"end":{"line":98,"column":29}},"32":{"start":{"line":102,"column":6},"end":{"line":102,"column":29}},"33":{"start":{"line":103,"column":15},"end":{"line":103,"column":19}},"34":{"start":{"line":104,"column":18},"end":{"line":104,"column":20}},"35":{"start":{"line":105,"column":6},"end":{"line":122,"column":7}},"36":{"start":{"line":106,"column":8},"end":{"line":106,"column":46}},"37":{"start":{"line":108,"column":8},"end":{"line":108,"column":84}},"38":{"start":{"line":109,"column":8},"end":{"line":121,"column":11}},"39":{"start":{"line":115,"column":10},"end":{"line":115,"column":27}},"40":{"start":{"line":116,"column":10},"end":{"line":116,"column":28}},"41":{"start":{"line":118,"column":10},"end":{"line":118,"column":26}},"42":{"start":{"line":119,"column":10},"end":{"line":119,"column":29}},"43":{"start":{"line":127,"column":0},"end":{"line":127,"column":70}},"44":{"start":{"line":127,"column":31},"end":{"line":127,"column":70}},"45":{"start":{"line":128,"column":24},"end":{"line":128,"column":100}},"46":{"start":{"line":129,"column":0},"end":{"line":129,"column":2366}},"47":{"start":{"line":129,"column":54},"end":{"line":129,"column":58}},"48":{"start":{"line":129,"column":66},"end":{"line":129,"column":84}},"49":{"start":{"line":129,"column":92},"end":{"line":129,"column":108}},"50":{"start":{"line":129,"column":109},"end":{"line":129,"column":2365}},"51":{"start":{"line":129,"column":695},"end":{"line":129,"column":733}},"52":{"start":{"line":129,"column":724},"end":{"line":129,"column":731}},"53":{"start":{"line":129,"column":733},"end":{"line":129,"column":767}},"54":{"start":{"line":129,"column":1197},"end":{"line":129,"column":1235}},"55":{"start":{"line":129,"column":1226},"end":{"line":129,"column":1233}},"56":{"start":{"line":129,"column":1235},"end":{"line":129,"column":1268}},"57":{"start":{"line":129,"column":1670},"end":{"line":129,"column":1708}},"58":{"start":{"line":129,"column":1699},"end":{"line":129,"column":1706}},"59":{"start":{"line":129,"column":1708},"end":{"line":129,"column":1737}},"60":{"start":{"line":130,"column":0},"end":{"line":130,"column":203}},"61":{"start":{"line":130,"column":64},"end":{"line":130,"column":68}},"62":{"start":{"line":130,"column":76},"end":{"line":130,"column":94}},"63":{"start":{"line":130,"column":102},"end":{"line":130,"column":118}},"64":{"start":{"line":130,"column":119},"end":{"line":130,"column":201}}},"fnMap":{"0":{"name":"(anonymous_0)","decl":{"start":{"line":1,"column":2},"end":{"line":1,"column":3}},"loc":{"start":{"line":1,"column":12},"end":{"line":126,"column":1}},"line":1},"1":{"name":"_interopRequireDefault","decl":{"start":{"line":12,"column":9},"end":{"line":12,"column":31}},"loc":{"start":{"line":12,"column":37},"end":{"line":12,"column":95}},"line":12},"2":{"name":"data","decl":{"start":{"line":54,"column":17},"end":{"line":54,"column":21}},"loc":{"start":{"line":54,"column":24},"end":{"line":64,"column":3}},"line":54},"3":{"name":"mounted","decl":{"start":{"line":65,"column":20},"end":{"line":65,"column":27}},"loc":{"start":{"line":65,"column":30},"end":{"line":90,"column":3}},"line":65},"4":{"name":"(anonymous_4)","decl":{"start":{"line":76,"column":69},"end":{"line":76,"column":70}},"loc":{"start":{"line":76,"column":84},"end":{"line":83,"column":7}},"line":76},"5":{"name":"(anonymous_5)","decl":{"start":{"line":83,"column":15},"end":{"line":83,"column":16}},"loc":{"start":{"line":83,"column":28},"end":{"line":86,"column":7}},"line":83},"6":{"name":"logout","decl":{"start":{"line":93,"column":21},"end":{"line":93,"column":27}},"loc":{"start":{"line":93,"column":35},"end":{"line":100,"column":5}},"line":93},"7":{"name":"update","decl":{"start":{"line":101,"column":21},"end":{"line":101,"column":27}},"loc":{"start":{"line":101,"column":35},"end":{"line":123,"column":5}},"line":101},"8":{"name":"(anonymous_8)","decl":{"start":{"line":113,"column":17},"end":{"line":113,"column":18}},"loc":{"start":{"line":113,"column":32},"end":{"line":117,"column":9}},"line":113},"9":{"name":"(anonymous_9)","decl":{"start":{"line":117,"column":17},"end":{"line":117,"column":18}},"loc":{"start":{"line":117,"column":30},"end":{"line":121,"column":9}},"line":117},"10":{"name":"render","decl":{"start":{"line":129,"column":35},"end":{"line":129,"column":41}},"loc":{"start":{"line":129,"column":45},"end":{"line":129,"column":2366}},"line":129},"11":{"name":"(anonymous_11)","decl":{"start":{"line":129,"column":678},"end":{"line":129,"column":679}},"loc":{"start":{"line":129,"column":694},"end":{"line":129,"column":768}},"line":129},"12":{"name":"(anonymous_12)","decl":{"start":{"line":129,"column":1180},"end":{"line":129,"column":1181}},"loc":{"start":{"line":129,"column":1196},"end":{"line":129,"column":1269}},"line":129},"13":{"name":"(anonymous_13)","decl":{"start":{"line":129,"column":1653},"end":{"line":129,"column":1654}},"loc":{"start":{"line":129,"column":1669},"end":{"line":129,"column":1738}},"line":129},"14":{"name":"render","decl":{"start":{"line":130,"column":45},"end":{"line":130,"column":51}},"loc":{"start":{"line":130,"column":55},"end":{"line":130,"column":202}},"line":130}},"branchMap":{"0":{"loc":{"start":{"line":12,"column":46},"end":{"line":12,"column":92}},"type":"cond-expr","locations":[{"start":{"line":12,"column":70},"end":{"line":12,"column":73}},{"start":{"line":12,"column":76},"end":{"line":12,"column":92}}],"line":12},"1":{"loc":{"start":{"line":12,"column":46},"end":{"line":12,"column":67}},"type":"binary-expr","locations":[{"start":{"line":12,"column":46},"end":{"line":12,"column":49}},{"start":{"line":12,"column":53},"end":{"line":12,"column":67}}],"line":12},"2":{"loc":{"start":{"line":69,"column":4},"end":{"line":89,"column":5}},"type":"if","locations":[{"start":{"line":69,"column":4},"end":{"line":89,"column":5}},{"start":{"line":69,"column":4},"end":{"line":89,"column":5}}],"line":69},"3":{"loc":{"start":{"line":96,"column":6},"end":{"line":99,"column":7}},"type":"if","locations":[{"start":{"line":96,"column":6},"end":{"line":99,"column":7}},{"start":{"line":96,"column":6},"end":{"line":99,"column":7}}],"line":96},"4":{"loc":{"start":{"line":105,"column":6},"end":{"line":122,"column":7}},"type":"if","locations":[{"start":{"line":105,"column":6},"end":{"line":122,"column":7}},{"start":{"line":105,"column":6},"end":{"line":122,"column":7}}],"line":105},"5":{"loc":{"start":{"line":127,"column":0},"end":{"line":127,"column":70}},"type":"if","locations":[{"start":{"line":127,"column":0},"end":{"line":127,"column":70}},{"start":{"line":127,"column":0},"end":{"line":127,"column":70}}],"line":127},"6":{"loc":{"start":{"line":128,"column":24},"end":{"line":128,"column":100}},"type":"cond-expr","locations":[{"start":{"line":128,"column":62},"end":{"line":128,"column":84}},{"start":{"line":128,"column":86},"end":{"line":128,"column":100}}],"line":128},"7":{"loc":{"start":{"line":129,"column":92},"end":{"line":129,"column":108}},"type":"binary-expr","locations":[{"start":{"line":129,"column":92},"end":{"line":129,"column":104}},{"start":{"line":129,"column":106},"end":{"line":129,"column":108}}],"line":129},"8":{"loc":{"start":{"line":129,"column":695},"end":{"line":129,"column":733}},"type":"if","locations":[{"start":{"line":129,"column":695},"end":{"line":129,"column":733}},{"start":{"line":129,"column":695},"end":{"line":129,"column":733}}],"line":129},"9":{"loc":{"start":{"line":129,"column":1197},"end":{"line":129,"column":1235}},"type":"if","locations":[{"start":{"line":129,"column":1197},"end":{"line":129,"column":1235}},{"start":{"line":129,"column":1197},"end":{"line":129,"column":1235}}],"line":129},"10":{"loc":{"start":{"line":129,"column":1670},"end":{"line":129,"column":1708}},"type":"if","locations":[{"start":{"line":129,"column":1670},"end":{"line":129,"column":1708}},{"start":{"line":129,"column":1670},"end":{"line":129,"column":1708}}],"line":129},"11":{"loc":{"start":{"line":129,"column":1858},"end":{"line":129,"column":1980}},"type":"cond-expr","locations":[{"start":{"line":129,"column":1874},"end":{"line":129,"column":1971}},{"start":{"line":129,"column":1972},"end":{"line":129,"column":1980}}],"line":129},"12":{"loc":{"start":{"line":129,"column":2030},"end":{"line":129,"column":2151}},"type":"cond-expr","locations":[{"start":{"line":129,"column":2046},"end":{"line":129,"column":2142}},{"start":{"line":129,"column":2143},"end":{"line":129,"column":2151}}],"line":129},"13":{"loc":{"start":{"line":129,"column":2174},"end":{"line":129,"column":2259}},"type":"cond-expr","locations":[{"start":{"line":129,"column":2186},"end":{"line":129,"column":2250}},{"start":{"line":129,"column":2251},"end":{"line":129,"column":2259}}],"line":129},"14":{"loc":{"start":{"line":129,"column":2272},"end":{"line":129,"column":2363}},"type":"cond-expr","locations":[{"start":{"line":129,"column":2286},"end":{"line":129,"column":2354}},{"start":{"line":129,"column":2355},"end":{"line":129,"column":2363}}],"line":129},"15":{"loc":{"start":{"line":130,"column":102},"end":{"line":130,"column":118}},"type":"binary-expr","locations":[{"start":{"line":130,"column":102},"end":{"line":130,"column":114}},{"start":{"line":130,"column":116},"end":{"line":130,"column":118}}],"line":130}},"s":{"0":0,"1":0,"2":0,"3":0,"4":0,"5":0,"6":0,"7":0,"8":0,"9":0,"10":0,"11":0,"12":0,"13":0,"14":0,"15":0,"16":0,"17":0,"18":0,"19":0,"20":0,"21":0,"22":0,"23":0,"24":0,"25":0,"26":0,"27":0,"28":0,"29":0,"30":0,"31":0,"32":0,"33":0,"34":0,"35":0,"36":0,"37":0,"38":0,"39":0,"40":0,"41":0,"42":0,"43":0,"44":0,"45":0,"46":0,"47":0,"48":0,"49":0,"50":0,"51":0,"52":0,"53":0,"54":0,"55":0,"56":0,"57":0,"58":0,"59":0,"60":0,"61":0,"62":0,"63":0,"64":0},"f":{"0":0,"1":0,"2":0,"3":0,"4":0,"5":0,"6":0,"7":0,"8":0,"9":0,"10":0,"11":0,"12":0,"13":0,"14":0},"b":{"0":[0,0],"1":[0,0],"2":[0,0],"3":[0,0],"4":[0,0],"5":[0,0],"6":[0,0],"7":[0,0],"8":[0,0],"9":[0,0],"10":[0,0],"11":[0,0],"12":[0,0],"13":[0,0],"14":[0,0],"15":[0,0]}}
}
